
> sunsmart@0.0.0 start /home/ubuntu/sunSmart
> node ./bin/www

[0mGET /samples/last/1234 [36m304 [0m26.324 ms - -[0m
[0mGET /samples/all/1234 [32m200 [0m8.260 ms - 221[0m
[0mGET /samples/all/1234 [36m304 [0m4.201 ms - -[0m
[0mGET /samples/all/1234 [36m304 [0m11.384 ms - -[0m
[0mGET /samples/all/1234 [36m304 [0m2.613 ms - -[0m
[0mGET /samples/all/1234 [36m304 [0m1.940 ms - -[0m
[0mGET /samples/all/1234 [36m304 [0m2.371 ms - -[0m
[0mGET /samples/all/1234 [36m304 [0m1.971 ms - -[0m
[0mGET /samples/all/1234 [36m304 [0m3.975 ms - -[0m
[0mGET /samples/all/1234 [36m304 [0m2.390 ms - -[0m
[0mGET /samples/all/1234 [36m304 [0m2.810 ms - -[0m
[0mGET /samples/all/1234 [36m304 [0m2.845 ms - -[0m

> sunsmart@0.0.0 start /home/ubuntu/sunSmart
> node ./bin/www

[0mGET /home.html [32m200 [0m18.470 ms - 3132[0m
[0mGET /javascripts/status.js [36m304 [0m1.792 ms - -[0m
[0mGET /images/logo.jpg [36m304 [0m1.600 ms - -[0m
[0mGET /samples/last/1234 [36m304 [0m19.967 ms - -[0m
Terminated

npm ERR! Linux 4.4.0-1022-aws
npm ERR! argv "/home/ubuntu/.nvm/versions/node/v7.10.1/bin/node" "/home/ubuntu/.nvm/versions/node/v7.10.1/bin/npm" "start"
npm ERR! node v7.10.1
npm ERR! npm  v4.2.0
npm ERR! code ELIFECYCLE
npm ERR! errno 143
npm ERR! sunsmart@0.0.0 start: `node ./bin/www`
npm ERR! Exit status 143
npm ERR! 
npm ERR! Failed at the sunsmart@0.0.0 start script 'node ./bin/www'.
npm ERR! Make sure you have the latest version of node.js and npm installed.
npm ERR! If you do, this is most likely a problem with the sunsmart package,
npm ERR! not with npm itself.
npm ERR! Tell the author that this fails on your system:
npm ERR!     node ./bin/www
npm ERR! You can get information on how to open an issue for this project with:
npm ERR!     npm bugs sunsmart
npm ERR! Or if that isn't available, you can get their info via:
npm ERR!     npm owner ls sunsmart
npm ERR! There is likely additional logging output above.

npm ERR! Please include the following file with any support request:
npm ERR!     /home/ubuntu/.npm/_logs/2017-11-18T05_04_12_196Z-debug.log

> sunsmart@0.0.0 start /home/ubuntu/sunSmart
> node ./bin/www

[0mGET /home.html [36m304 [0m6.645 ms - -[0m
[0mGET /javascripts/status.js [32m200 [0m13.002 ms - 3706[0m
[0mGET /images/logo.jpg [36m304 [0m1.317 ms - -[0m
[0mGET /samples/last/1234 [36m304 [0m20.584 ms - -[0m
Terminated

npm ERR! Linux 4.4.0-1022-aws
npm ERR! argv "/home/ubuntu/.nvm/versions/node/v7.10.1/bin/node" "/home/ubuntu/.nvm/versions/node/v7.10.1/bin/npm" "start"
npm ERR! node v7.10.1
npm ERR! npm  v4.2.0
npm ERR! code ELIFECYCLE
npm ERR! errno 143
npm ERR! sunsmart@0.0.0 start: `node ./bin/www`
npm ERR! Exit status 143
npm ERR! 
npm ERR! Failed at the sunsmart@0.0.0 start script 'node ./bin/www'.
npm ERR! Make sure you have the latest version of node.js and npm installed.
npm ERR! If you do, this is most likely a problem with the sunsmart package,
npm ERR! not with npm itself.
npm ERR! Tell the author that this fails on your system:
npm ERR!     node ./bin/www
npm ERR! You can get information on how to open an issue for this project with:
npm ERR!     npm bugs sunsmart
npm ERR! Or if that isn't available, you can get their info via:
npm ERR!     npm owner ls sunsmart
npm ERR! There is likely additional logging output above.

npm ERR! Please include the following file with any support request:
npm ERR!     /home/ubuntu/.npm/_logs/2017-11-18T05_07_41_623Z-debug.log

> sunsmart@0.0.0 start /home/ubuntu/sunSmart
> node ./bin/www

[0mGET /samples/last/1234 [36m304 [0m27.040 ms - -[0m
[0mGET /home.html [32m200 [0m14.337 ms - 3152[0m
[0mGET /javascripts/status.js [36m304 [0m1.187 ms - -[0m
[0mGET /images/logo.jpg [36m304 [0m0.561 ms - -[0m
[0mGET / [32m200 [0m284.799 ms - 170[0m
[0mGET /stylesheets/style.css [33m404 [0m42.396 ms - 1578[0m
[0mGET /favicon.ico [33m404 [0m38.339 ms - 1578[0m
[0mGET /home.html [36m304 [0m2.050 ms - -[0m
[0mGET /javascripts/status.js [36m304 [0m0.656 ms - -[0m
[0mGET /images/logo.jpg [36m304 [0m0.585 ms - -[0m
[0mGET /samples/last/1234 [36m304 [0m18.300 ms - -[0m
[0mGET /home.html [36m304 [0m0.826 ms - -[0m
[0mGET /javascripts/status.js [36m304 [0m1.795 ms - -[0m
[0mGET /images/logo.jpg [36m304 [0m0.337 ms - -[0m
[0mGET /samples/last/1e002b001047343438323536 [32m200 [0m3.757 ms - -[0m
[0mGET /samples/last/1e002b001047343438323536 [32m200 [0m3.068 ms - -[0m
[0mOPTIONS /devices/register [32m200 [0m0.963 ms - 4[0m
[0mGET /samples/last/1e002b001047343438323536 [32m200 [0m1.349 ms - -[0m
[0mGET /samples/last/1e002b001047343438323536 [32m200 [0m2.259 ms - -[0m
Terminated

npm ERR! Linux 4.4.0-1022-aws
npm ERR! argv "/home/ubuntu/.nvm/versions/node/v7.10.1/bin/node" "/home/ubuntu/.nvm/versions/node/v7.10.1/bin/npm" "start"
npm ERR! node v7.10.1
npm ERR! npm  v4.2.0
npm ERR! code ELIFECYCLE
npm ERR! errno 143
npm ERR! sunsmart@0.0.0 start: `node ./bin/www`
npm ERR! Exit status 143
npm ERR! 
npm ERR! Failed at the sunsmart@0.0.0 start script 'node ./bin/www'.
npm ERR! Make sure you have the latest version of node.js and npm installed.
npm ERR! If you do, this is most likely a problem with the sunsmart package,
npm ERR! not with npm itself.
npm ERR! Tell the author that this fails on your system:
npm ERR!     node ./bin/www
npm ERR! You can get information on how to open an issue for this project with:
npm ERR!     npm bugs sunsmart
npm ERR! Or if that isn't available, you can get their info via:
npm ERR!     npm owner ls sunsmart
npm ERR! There is likely additional logging output above.

npm ERR! Please include the following file with any support request:
npm ERR!     /home/ubuntu/.npm/_logs/2017-11-18T20_45_56_938Z-debug.log

> sunsmart@0.0.0 start /home/ubuntu/sunSmart
> node ./bin/www

[0mGET /samples/last/1234 [36m304 [0m25.973 ms - -[0m
[0mGET /home.html [36m304 [0m2.925 ms - -[0m
[0mGET /javascripts/status.js [36m304 [0m0.927 ms - -[0m
[0mGET /images/logo.jpg [36m304 [0m0.705 ms - -[0m

> sunsmart@0.0.0 start /home/ubuntu/sunSmart
> node ./bin/www

[0mGET / [32m200 [0m300.396 ms - 170[0m
[0mGET /stylesheets/style.css [31m500 [0m43.138 ms - 1597[0m
[0mGET /favicon.ico [31m500 [0m38.229 ms - 1597[0m
[0mGET /home.html [32m200 [0m7.438 ms - 3124[0m
[0mGET /javascripts/status.js [32m200 [0m4.443 ms - 3739[0m
[0mGET /images/logo.jpg [32m200 [0m0.959 ms - 1787[0m
[0mGET /favicon.ico [31m500 [0m45.250 ms - 1597[0m

> sunsmart@0.0.0 start /home/ubuntu/sunSmart
> node ./bin/www

[0mGET /home.html [36m304 [0m5.575 ms - -[0m
[0mGET /javascripts/status.js [36m304 [0m1.088 ms - -[0m
[0mGET /images/logo.jpg [36m304 [0m1.398 ms - -[0m
[0mGET /favicon.ico [31m500 [0m289.939 ms - 1597[0m
[0mGET /home.html [36m304 [0m1.440 ms - -[0m
[0mGET /javascripts/status.js [36m304 [0m1.263 ms - -[0m
[0mGET /images/logo.jpg [36m304 [0m1.014 ms - -[0m
[0mGET /favicon.ico [31m500 [0m38.527 ms - 1597[0m
[0mGET /home.html [36m304 [0m1.530 ms - -[0m
[0mGET /javascripts/status.js [36m304 [0m2.019 ms - -[0m
[0mGET /images/logo.jpg [36m304 [0m1.526 ms - -[0m
[0mGET /favicon.ico [31m500 [0m34.091 ms - 1597[0m
[0mGET /home.html [36m304 [0m0.799 ms - -[0m
[0mGET /javascripts/status.js [36m304 [0m0.602 ms - -[0m
[0mGET /images/logo.jpg [36m304 [0m1.452 ms - -[0m
[0mGET /favicon.ico [31m500 [0m42.002 ms - 1597[0m
[0mGET /home.html [36m304 [0m0.372 ms - -[0m
[0mGET /javascripts/status.js [36m304 [0m0.362 ms - -[0m
[0mGET /images/logo.jpg [36m304 [0m0.250 ms - -[0m
[0mGET /favicon.ico [31m500 [0m35.124 ms - 1597[0m
[0mGET /home.html [36m304 [0m0.436 ms - -[0m
[0mGET /javascripts/status.js [36m304 [0m0.337 ms - -[0m
[0mGET /images/logo.jpg [36m304 [0m0.182 ms - -[0m
[0mGET /favicon.ico [31m500 [0m31.794 ms - 1597[0m
Terminated

npm ERR! Linux 4.4.0-1022-aws
npm ERR! argv "/home/ubuntu/.nvm/versions/node/v7.10.1/bin/node" "/home/ubuntu/.nvm/versions/node/v7.10.1/bin/npm" "start"
npm ERR! node v7.10.1
npm ERR! npm  v4.2.0
npm ERR! code ELIFECYCLE
npm ERR! errno 143
npm ERR! sunsmart@0.0.0 start: `node ./bin/www`
npm ERR! Exit status 143
npm ERR! 
npm ERR! Failed at the sunsmart@0.0.0 start script 'node ./bin/www'.
npm ERR! Make sure you have the latest version of node.js and npm installed.
npm ERR! If you do, this is most likely a problem with the sunsmart package,
npm ERR! not with npm itself.
npm ERR! Tell the author that this fails on your system:
npm ERR!     node ./bin/www
npm ERR! You can get information on how to open an issue for this project with:
npm ERR!     npm bugs sunsmart
npm ERR! Or if that isn't available, you can get their info via:
npm ERR!     npm owner ls sunsmart
npm ERR! There is likely additional logging output above.

npm ERR! Please include the following file with any support request:
npm ERR!     /home/ubuntu/.npm/_logs/2017-11-19T02_57_08_536Z-debug.log

> sunsmart@0.0.0 start /home/ubuntu/sunSmart
> node ./bin/www

[0mGET /home.html [36m304 [0m6.860 ms - -[0m
[0mGET /javascripts/status.js [36m304 [0m2.041 ms - -[0m
[0mGET /images/logo.jpg [36m304 [0m2.397 ms - -[0m
[0mGET /favicon.ico [31m500 [0m322.817 ms - 1597[0m
[0mGET /home.html [36m304 [0m1.188 ms - -[0m
[0mGET /javascripts/status.js [36m304 [0m0.680 ms - -[0m
[0mGET /images/logo.jpg [36m304 [0m0.461 ms - -[0m
[0mGET /favicon.ico [31m500 [0m36.960 ms - 1597[0m
[0mGET /samples/last/1e002b001047343438323536 [32m200 [0m68.169 ms - 139[0m
[0mGET /home.html [36m304 [0m0.402 ms - -[0m
[0mGET /javascripts/status.js [36m304 [0m0.378 ms - -[0m
[0mGET /images/logo.jpg [36m304 [0m0.730 ms - -[0m
[0mGET /favicon.ico [31m500 [0m49.883 ms - 1597[0m
[0mGET /samples/last/1e002b001047343438323536 [36m304 [0m10.921 ms - -[0m
(node:32543) DeprecationWarning: Mongoose: mpromise (mongoose's default promise library) is deprecated, plug in your own promise library instead: http://mongoosejs.com/docs/promises.html
[0mPOST /samples/publish [32m201 [0m32.212 ms - 107[0m
[0mPOST /samples/publish [32m201 [0m4.511 ms - 107[0m
[0mPOST /samples/publish [32m201 [0m2.753 ms - 107[0m
[0mPOST /samples/publish [32m201 [0m2.649 ms - 107[0m
[0mPOST /samples/publish [32m201 [0m2.721 ms - 107[0m
[0mPOST /samples/publish [32m201 [0m3.231 ms - 107[0m
[0mPOST /samples/publish [32m201 [0m2.655 ms - 107[0m
[0mPOST /samples/publish [32m201 [0m5.074 ms - 107[0m
[0mPOST /samples/publish [32m201 [0m2.626 ms - 107[0m
[0mPOST /samples/publish [32m201 [0m3.911 ms - 107[0m
[0mPOST /samples/publish [32m201 [0m3.008 ms - 107[0m
[0mPOST /samples/publish [32m201 [0m2.398 ms - 107[0m
[0mPOST /samples/publish [32m201 [0m3.496 ms - 107[0m
[0mPOST /samples/publish [32m201 [0m3.109 ms - 107[0m
[0mPOST /samples/publish [32m201 [0m2.369 ms - 107[0m
[0mPOST /samples/publish [32m201 [0m2.464 ms - 107[0m
[0mPOST /samples/publish [32m201 [0m4.285 ms - 107[0m
[0mPOST /samples/publish [32m201 [0m3.570 ms - 107[0m
[0mPOST /samples/publish [32m201 [0m3.957 ms - 107[0m
[0mPOST /samples/publish [32m201 [0m3.084 ms - 107[0m
[0mPOST /samples/publish [32m201 [0m3.297 ms - 107[0m
[0mPOST /samples/publish [32m201 [0m3.855 ms - 107[0m
[0mPOST /samples/publish [32m201 [0m2.281 ms - 107[0m
[0mPOST /samples/publish [32m201 [0m2.457 ms - 107[0m
[0mPOST /samples/publish [32m201 [0m3.394 ms - 107[0m
[0mPOST /samples/publish [32m201 [0m2.769 ms - 107[0m
[0mPOST /samples/publish [32m201 [0m2.837 ms - 107[0m
[0mGET / [32m200 [0m24.377 ms - 170[0m
[0mGET /stylesheets/style.css [31m500 [0m19.957 ms - 1597[0m
[0mGET /favicon.ico [31m500 [0m10.605 ms - 1597[0m
[0mGET /home.html [36m304 [0m0.432 ms - -[0m
[0mGET /javascripts/status.js [36m304 [0m2.095 ms - -[0m
[0mGET /images/logo.jpg [32m200 [0m3.501 ms - 1787[0m
[0mGET /favicon.ico [31m500 [0m10.652 ms - 1597[0m
[0mGET /samples/last/1e002b001047343438323536 [32m200 [0m42.002 ms - 139[0m
Terminated

npm ERR! Linux 4.4.0-1022-aws
npm ERR! argv "/home/ubuntu/.nvm/versions/node/v7.10.1/bin/node" "/home/ubuntu/.nvm/versions/node/v7.10.1/bin/npm" "start"
npm ERR! node v7.10.1
npm ERR! npm  v4.2.0
npm ERR! code ELIFECYCLE
npm ERR! errno 143
npm ERR! sunsmart@0.0.0 start: `node ./bin/www`
npm ERR! Exit status 143
npm ERR! 
npm ERR! Failed at the sunsmart@0.0.0 start script 'node ./bin/www'.
npm ERR! Make sure you have the latest version of node.js and npm installed.
npm ERR! If you do, this is most likely a problem with the sunsmart package,
npm ERR! not with npm itself.
npm ERR! Tell the author that this fails on your system:
npm ERR!     node ./bin/www
npm ERR! You can get information on how to open an issue for this project with:
npm ERR!     npm bugs sunsmart
npm ERR! Or if that isn't available, you can get their info via:
npm ERR!     npm owner ls sunsmart
npm ERR! There is likely additional logging output above.

npm ERR! Please include the following file with any support request:
npm ERR!     /home/ubuntu/.npm/_logs/2017-11-19T17_39_54_460Z-debug.log

> sunsmart@0.0.0 start /home/ubuntu/sunSmart
> node ./bin/www

(node:4524) DeprecationWarning: Mongoose: mpromise (mongoose's default promise library) is deprecated, plug in your own promise library instead: http://mongoosejs.com/docs/promises.html
[0mPOST /samples/publish [32m201 [0m51.384 ms - 107[0m
[0mGET /home.html [36m304 [0m4.859 ms - -[0m
[0mGET /javascripts/status.js [36m304 [0m3.247 ms - -[0m
[0mGET /images/logo.jpg [36m304 [0m1.317 ms - -[0m
[0mGET /favicon.ico [31m500 [0m322.454 ms - 1597[0m
[0mGET /samples/last/1e002b001047343438323536 [32m200 [0m53.793 ms - 139[0m
[0mPOST /samples/publish [32m201 [0m8.204 ms - 107[0m
[0mPOST /samples/publish [32m201 [0m4.356 ms - 107[0m
[0mPOST /samples/publish [32m201 [0m3.736 ms - 107[0m
[0mPOST /samples/publish [32m201 [0m2.693 ms - 107[0m
[0mPOST /samples/publish [32m201 [0m3.532 ms - 107[0m
[0mPOST /samples/publish [32m201 [0m3.259 ms - 107[0m
[0mPOST /samples/publish [32m201 [0m6.861 ms - 107[0m
[0mPOST /samples/publish [32m201 [0m3.721 ms - 107[0m
[0mPOST /samples/publish [32m201 [0m2.776 ms - 107[0m
[0mPOST /samples/publish [32m201 [0m3.895 ms - 107[0m
[0mPOST /samples/publish [32m201 [0m3.330 ms - 107[0m
[0mPOST /samples/publish [32m201 [0m4.645 ms - 107[0m
[0mPOST /samples/publish [32m201 [0m4.048 ms - 107[0m
[0mPOST /samples/publish [32m201 [0m3.494 ms - 107[0m
[0mPOST /samples/publish [32m201 [0m3.468 ms - 107[0m
[0mPOST /samples/publish [32m201 [0m4.455 ms - 107[0m
[0mPOST /samples/publish [32m201 [0m2.592 ms - 107[0m
[0mPOST /samples/publish [32m201 [0m3.855 ms - 107[0m
[0mPOST /samples/publish [32m201 [0m2.677 ms - 107[0m
[0mPOST /samples/publish [32m201 [0m3.428 ms - 107[0m
[0mGET / [32m200 [0m30.533 ms - 170[0m
[0mGET /stylesheets/style.css [31m500 [0m44.520 ms - 1597[0m
[0mGET /favicon.ico [31m500 [0m31.788 ms - 1597[0m
[0mGET /home.html [36m304 [0m0.615 ms - -[0m
[0mGET /javascripts/status.js [36m304 [0m0.791 ms - -[0m
[0mGET /images/logo.jpg [32m200 [0m3.466 ms - 1787[0m
[0mGET /favicon.ico [31m500 [0m18.054 ms - 1597[0m
[0mGET /samples/last/1e002b001047343438323536 [32m200 [0m46.571 ms - 138[0m
[0mPOST /samples/publish [32m201 [0m3.941 ms - 107[0m
[0mPOST /samples/publish [32m201 [0m2.696 ms - 107[0m
[0mPOST /samples/publish [32m201 [0m3.091 ms - 107[0m
[0mPOST /samples/publish [32m201 [0m3.475 ms - 107[0m
[0mPOST /samples/publish [32m201 [0m3.342 ms - 107[0m
[0mPOST /samples/publish [32m201 [0m2.736 ms - 107[0m
[0mPOST /samples/publish [32m201 [0m2.967 ms - 107[0m
[0mPOST /samples/publish [32m201 [0m3.496 ms - 107[0m
[0mPOST /samples/publish [32m201 [0m3.569 ms - 107[0m
[0mPOST /samples/publish [32m201 [0m3.058 ms - 107[0m
[0mPOST /samples/publish [32m201 [0m3.331 ms - 107[0m
[0mPOST /samples/publish [32m201 [0m7.281 ms - 107[0m
[0mPOST /samples/publish [32m201 [0m2.347 ms - 107[0m
[0mPOST /samples/publish [32m201 [0m4.198 ms - 107[0m
[0mPOST /samples/publish [32m201 [0m2.950 ms - 107[0m
[0mPOST /samples/publish [32m201 [0m4.149 ms - 107[0m
[0mPOST /samples/publish [32m201 [0m5.241 ms - 107[0m
[0mPOST /samples/publish [32m201 [0m2.407 ms - 107[0m
[0mPOST /samples/publish [32m201 [0m2.415 ms - 107[0m
[0mPOST /samples/publish [32m201 [0m2.566 ms - 107[0m
[0mPOST /samples/publish [32m201 [0m2.682 ms - 107[0m
[0mPOST /samples/publish [32m201 [0m3.932 ms - 107[0m
[0mPOST /samples/publish [32m201 [0m4.047 ms - 107[0m
[0mPOST /samples/publish [32m201 [0m2.285 ms - 107[0m
[0mPOST /samples/publish [32m201 [0m2.367 ms - 107[0m
[0mPOST /samples/publish [32m201 [0m2.313 ms - 107[0m
[0mPOST /samples/publish [32m201 [0m2.328 ms - 107[0m
[0mPOST /samples/publish [32m201 [0m2.462 ms - 107[0m
[0mPOST /samples/publish [32m201 [0m3.715 ms - 107[0m
[0mPOST /samples/publish [32m201 [0m2.826 ms - 107[0m
[0mPOST /samples/publish [32m201 [0m2.280 ms - 107[0m
[0mPOST /samples/publish [32m201 [0m3.026 ms - 107[0m
[0mPOST /samples/publish [32m201 [0m3.373 ms - 107[0m
[0mPOST /samples/publish [32m201 [0m2.377 ms - 107[0m
[0mPOST /samples/publish [32m201 [0m4.142 ms - 107[0m
[0mPOST /samples/publish [32m201 [0m3.156 ms - 107[0m
[0mPOST /samples/publish [32m201 [0m2.414 ms - 107[0m
[0mPOST /samples/publish [32m201 [0m2.804 ms - 107[0m
[0mPOST /samples/publish [32m201 [0m2.290 ms - 107[0m
[0mPOST /samples/publish [32m201 [0m4.232 ms - 107[0m
[0mPOST /samples/publish [32m201 [0m3.583 ms - 107[0m
[0mGET / [32m200 [0m10.277 ms - 170[0m
[0mPOST /samples/publish [32m201 [0m2.413 ms - 107[0m
[0mPOST /samples/publish [32m201 [0m3.287 ms - 107[0m
[0mPOST /samples/publish [32m201 [0m4.792 ms - 107[0m
[0mPOST /samples/publish [32m201 [0m4.135 ms - 107[0m
[0mPOST /samples/publish [32m201 [0m2.332 ms - 107[0m
[0mPOST /samples/publish [32m201 [0m3.591 ms - 107[0m
[0mPOST /samples/publish [32m201 [0m2.339 ms - 107[0m
[0mPOST /samples/publish [32m201 [0m2.281 ms - 107[0m
[0mPOST /samples/publish [32m201 [0m3.362 ms - 107[0m
[0mPOST /samples/publish [32m201 [0m3.221 ms - 107[0m
[0mPOST /samples/publish [32m201 [0m3.408 ms - 107[0m
[0mPOST /samples/publish [32m201 [0m2.364 ms - 107[0m
[0mPOST /samples/publish [32m201 [0m2.277 ms - 107[0m
[0mPOST /samples/publish [32m201 [0m3.537 ms - 107[0m
[0mPOST /samples/publish [32m201 [0m4.070 ms - 107[0m
[0mPOST /samples/publish [32m201 [0m3.328 ms - 107[0m
[0mPOST /samples/publish [32m201 [0m2.333 ms - 107[0m
[0mPOST /samples/publish [32m201 [0m2.371 ms - 107[0m
[0mPOST /samples/publish [32m201 [0m2.270 ms - 107[0m
[0mPOST /samples/publish [32m201 [0m3.557 ms - 107[0m
[0mPOST /samples/publish [32m201 [0m3.353 ms - 107[0m
[0mPOST /samples/publish [32m201 [0m2.372 ms - 107[0m
[0mPOST /samples/publish [32m201 [0m2.402 ms - 107[0m
[0mPOST /samples/publish [32m201 [0m4.337 ms - 107[0m
[0mPOST /samples/publish [32m201 [0m2.268 ms - 107[0m
[0mPOST /samples/publish [32m201 [0m2.353 ms - 107[0m
[0mPOST /samples/publish [32m201 [0m2.251 ms - 107[0m
[0mPOST /samples/publish [32m201 [0m2.343 ms - 107[0m
[0mPOST /samples/publish [32m201 [0m2.379 ms - 107[0m
[0mPOST /samples/publish [32m201 [0m2.307 ms - 107[0m
[0mPOST /samples/publish [32m201 [0m3.426 ms - 107[0m
[0mPOST /samples/publish [32m201 [0m2.321 ms - 107[0m
[0mPOST /samples/publish [32m201 [0m2.433 ms - 107[0m
[0mPOST /samples/publish [32m201 [0m3.383 ms - 107[0m
[0mPOST /samples/publish [32m201 [0m2.245 ms - 107[0m
[0mPOST /samples/publish [32m201 [0m2.269 ms - 107[0m
[0mPOST /samples/publish [32m201 [0m7.434 ms - 107[0m
[0mPOST /samples/publish [32m201 [0m2.320 ms - 107[0m
[0mPOST /samples/publish [32m201 [0m2.339 ms - 107[0m
[0mPOST /samples/publish [32m201 [0m2.268 ms - 107[0m
[0mPOST /samples/publish [32m201 [0m2.307 ms - 107[0m
[0mPOST /samples/publish [32m201 [0m3.201 ms - 107[0m
[0mPOST /samples/publish [32m201 [0m2.299 ms - 107[0m
[0mPOST /samples/publish [32m201 [0m2.245 ms - 107[0m
[0mPOST /samples/publish [32m201 [0m3.248 ms - 107[0m
[0mPOST /samples/publish [32m201 [0m2.268 ms - 107[0m
[0mPOST /samples/publish [32m201 [0m2.230 ms - 107[0m
[0mPOST /samples/publish [32m201 [0m2.315 ms - 107[0m
[0mPOST /samples/publish [32m201 [0m2.256 ms - 107[0m
[0mPOST /samples/publish [32m201 [0m2.352 ms - 107[0m
[0mPOST /samples/publish [32m201 [0m2.310 ms - 107[0m
[0mPOST /samples/publish [32m201 [0m2.288 ms - 107[0m
[0mPOST /samples/publish [32m201 [0m6.835 ms - 107[0m
[0mPOST /samples/publish [32m201 [0m2.294 ms - 107[0m
[0mPOST /samples/publish [32m201 [0m5.547 ms - 107[0m
[0mPOST /samples/publish [32m201 [0m4.757 ms - 107[0m
[0mPOST /samples/publish [32m201 [0m2.288 ms - 107[0m
[0mPOST /samples/publish [32m201 [0m2.350 ms - 107[0m
[0mPOST /samples/publish [32m201 [0m2.256 ms - 107[0m
[0mPOST /samples/publish [32m201 [0m2.274 ms - 107[0m
[0mPOST /samples/publish [32m201 [0m3.265 ms - 107[0m
[0mPOST /samples/publish [32m201 [0m7.346 ms - 107[0m
[0mPOST /samples/publish [32m201 [0m2.894 ms - 107[0m
[0mPOST /samples/publish [32m201 [0m5.193 ms - 107[0m
[0mPOST /samples/publish [32m201 [0m2.391 ms - 107[0m
[0mPOST /samples/publish [32m201 [0m5.593 ms - 107[0m
[0mPOST /samples/publish [32m201 [0m2.815 ms - 107[0m
[0mPOST /samples/publish [32m201 [0m8.333 ms - 107[0m
[0mPOST /samples/publish [32m201 [0m2.800 ms - 107[0m
[0mPOST /samples/publish [32m201 [0m23.947 ms - 107[0m
[0mPOST /samples/publish [32m201 [0m2.317 ms - 107[0m
[0mPOST /samples/publish [32m201 [0m2.292 ms - 107[0m
[0mPOST /samples/publish [32m201 [0m2.216 ms - 107[0m
[0mPOST /samples/publish [32m201 [0m2.291 ms - 107[0m
[0mPOST /samples/publish [32m201 [0m3.636 ms - 107[0m
[0mPOST /samples/publish [32m201 [0m3.319 ms - 107[0m
[0mPOST /samples/publish [32m201 [0m2.298 ms - 107[0m
[0mPOST /samples/publish [32m201 [0m2.242 ms - 107[0m
[0mPOST /samples/publish [32m201 [0m2.300 ms - 107[0m
[0mPOST /samples/publish [32m201 [0m2.246 ms - 107[0m
[0mPOST /samples/publish [32m201 [0m2.252 ms - 107[0m
[0mPOST /samples/publish [32m201 [0m2.315 ms - 107[0m
[0mPOST /samples/publish [32m201 [0m2.320 ms - 107[0m
[0mPOST /samples/publish [32m201 [0m2.238 ms - 107[0m
[0mPOST /samples/publish [32m201 [0m2.251 ms - 107[0m
[0mPOST /samples/publish [32m201 [0m3.325 ms - 107[0m
[0mPOST /samples/publish [32m201 [0m2.236 ms - 107[0m
[0mPOST /samples/publish [32m201 [0m9.933 ms - 107[0m
[0mPOST /samples/publish [32m201 [0m3.134 ms - 107[0m
[0mPOST /samples/publish [32m201 [0m2.603 ms - 107[0m
[0mPOST /samples/publish [32m201 [0m2.408 ms - 107[0m
[0mPOST /samples/publish [32m201 [0m2.890 ms - 107[0m
[0mPOST /samples/publish [32m201 [0m3.085 ms - 107[0m
[0mPOST /samples/publish [32m201 [0m2.270 ms - 107[0m
[0mPOST /samples/publish [32m201 [0m2.365 ms - 107[0m
[0mPOST /samples/publish [32m201 [0m2.774 ms - 107[0m
[0mPOST /samples/publish [32m201 [0m2.353 ms - 107[0m
[0mPOST /samples/publish [32m201 [0m2.875 ms - 107[0m
[0mPOST /samples/publish [32m201 [0m3.226 ms - 107[0m
[0mPOST /samples/publish [32m201 [0m3.358 ms - 107[0m
[0mPOST /samples/publish [32m201 [0m2.261 ms - 107[0m
[0mPOST /samples/publish [32m201 [0m2.327 ms - 107[0m
[0mPOST /samples/publish [32m201 [0m2.298 ms - 107[0m
[0mPOST /samples/publish [32m201 [0m2.669 ms - 107[0m
[0mPOST /samples/publish [32m201 [0m2.375 ms - 107[0m
[0mPOST /samples/publish [32m201 [0m6.835 ms - 107[0m
[0mPOST /samples/publish [32m201 [0m2.350 ms - 107[0m
[0mPOST /samples/publish [32m201 [0m3.265 ms - 107[0m
[0mPOST /samples/publish [32m201 [0m3.152 ms - 107[0m
[0mPOST /samples/publish [32m201 [0m3.384 ms - 107[0m
[0mPOST /samples/publish [32m201 [0m3.450 ms - 107[0m
[0mPOST /samples/publish [32m201 [0m2.318 ms - 107[0m
[0mPOST /samples/publish [32m201 [0m2.369 ms - 107[0m
[0mPOST /samples/publish [32m201 [0m2.667 ms - 107[0m
[0mPOST /samples/publish [32m201 [0m4.706 ms - 107[0m
[0mPOST /samples/publish [32m201 [0m3.083 ms - 107[0m
[0mPOST /samples/publish [32m201 [0m2.261 ms - 107[0m
[0mPOST /samples/publish [32m201 [0m3.308 ms - 107[0m
[0mPOST /samples/publish [32m201 [0m2.287 ms - 107[0m
[0mPOST /samples/publish [32m201 [0m4.962 ms - 107[0m
[0mPOST /samples/publish [32m201 [0m4.241 ms - 107[0m
[0mPOST /samples/publish [32m201 [0m3.273 ms - 107[0m
[0mPOST /samples/publish [32m201 [0m2.367 ms - 107[0m
[0mPOST /samples/publish [32m201 [0m2.303 ms - 107[0m
[0mPOST /samples/publish [32m201 [0m2.300 ms - 107[0m
[0mPOST /samples/publish [32m201 [0m2.244 ms - 107[0m
[0mPOST /samples/publish [32m201 [0m2.323 ms - 107[0m
[0mPOST /samples/publish [32m201 [0m2.261 ms - 107[0m
[0mPOST /samples/publish [32m201 [0m7.422 ms - 107[0m
[0mPOST /samples/publish [32m201 [0m2.875 ms - 107[0m
[0mPOST /samples/publish [32m201 [0m4.916 ms - 107[0m
[0mPOST /samples/publish [32m201 [0m3.275 ms - 107[0m
[0mPOST /samples/publish [32m201 [0m2.298 ms - 107[0m
[0mPOST /samples/publish [32m201 [0m5.696 ms - 107[0m
[0mPOST /samples/publish [32m201 [0m3.891 ms - 107[0m
[0mPOST /samples/publish [32m201 [0m2.336 ms - 107[0m
[0mPOST /samples/publish [32m201 [0m2.264 ms - 107[0m
[0mPOST /samples/publish [32m201 [0m2.315 ms - 107[0m
[0mPOST /samples/publish [32m201 [0m2.330 ms - 107[0m
[0mPOST /samples/publish [32m201 [0m2.325 ms - 107[0m
[0mPOST /samples/publish [32m201 [0m2.353 ms - 107[0m
[0mPOST /samples/publish [32m201 [0m2.248 ms - 107[0m
[0mPOST /samples/publish [32m201 [0m3.277 ms - 107[0m
[0mPOST /samples/publish [32m201 [0m2.808 ms - 107[0m
[0mPOST /samples/publish [32m201 [0m2.264 ms - 107[0m
[0mPOST /samples/publish [32m201 [0m3.385 ms - 107[0m
[0mPOST /samples/publish [32m201 [0m2.241 ms - 107[0m
[0mPOST /samples/publish [32m201 [0m2.237 ms - 107[0m
[0mPOST /samples/publish [32m201 [0m2.351 ms - 107[0m
[0mPOST /samples/publish [32m201 [0m2.317 ms - 107[0m
[0mPOST /samples/publish [32m201 [0m2.272 ms - 107[0m
[0mPOST /samples/publish [32m201 [0m2.325 ms - 107[0m
[0mPOST /samples/publish [32m201 [0m12.790 ms - 107[0m
[0mPOST /samples/publish [32m201 [0m3.242 ms - 107[0m
[0mPOST /samples/publish [32m201 [0m2.286 ms - 107[0m
[0mPOST /samples/publish [32m201 [0m2.313 ms - 107[0m
[0mPOST /samples/publish [32m201 [0m2.743 ms - 107[0m
[0mPOST /samples/publish [32m201 [0m2.309 ms - 107[0m
[0mPOST /samples/publish [32m201 [0m2.409 ms - 107[0m
[0mPOST /samples/publish [32m201 [0m2.336 ms - 107[0m
[0mPOST /samples/publish [32m201 [0m2.217 ms - 107[0m
[0mPOST /samples/publish [32m201 [0m2.287 ms - 107[0m
[0mPOST /samples/publish [32m201 [0m2.301 ms - 107[0m
[0mPOST /samples/publish [32m201 [0m3.345 ms - 107[0m
[0mPOST /samples/publish [32m201 [0m2.220 ms - 107[0m
[0mPOST /samples/publish [32m201 [0m4.273 ms - 107[0m
[0mPOST /samples/publish [32m201 [0m2.248 ms - 107[0m
[0mPOST /samples/publish [32m201 [0m2.270 ms - 107[0m
[0mPOST /samples/publish [32m201 [0m2.219 ms - 107[0m
[0mPOST /samples/publish [32m201 [0m2.254 ms - 107[0m
[0mPOST /samples/publish [32m201 [0m2.273 ms - 107[0m
[0mGET / [32m200 [0m34.414 ms - 170[0m
[0mPOST /samples/publish [32m201 [0m2.401 ms - 107[0m
[0mPOST /samples/publish [32m201 [0m2.172 ms - 107[0m
[0mPOST /samples/publish [32m201 [0m3.396 ms - 107[0m
[0mPOST /samples/publish [32m201 [0m2.292 ms - 107[0m
[0mGET / [32m200 [0m24.070 ms - 170[0m
[0mPOST /samples/publish [32m201 [0m2.234 ms - 107[0m
[0mPOST /samples/publish [32m201 [0m2.260 ms - 107[0m
[0mPOST /samples/publish [32m201 [0m2.253 ms - 107[0m
[0mPOST /samples/publish [32m201 [0m2.277 ms - 107[0m
[0mPOST /samples/publish [32m201 [0m2.343 ms - 107[0m
[0mPOST /samples/publish [32m201 [0m3.373 ms - 107[0m
[0mGET / [32m200 [0m39.501 ms - 170[0m
[0mGET /stylesheets/style.css [31m500 [0m18.621 ms - 1597[0m
[0mGET /favicon.ico [31m500 [0m24.884 ms - 1597[0m
[0mGET /home.html [32m200 [0m1.797 ms - 3124[0m
[0mGET /javascripts/status.js [32m200 [0m1.661 ms - 3739[0m
[0mGET /images/logo.jpg [32m200 [0m1.416 ms - 1787[0m
[0mGET /favicon.ico [31m500 [0m15.827 ms - 1597[0m
[0mGET /samples/last/1e002b001047343438323536 [32m200 [0m36.422 ms - 139[0m
[0mPOST /samples/publish [32m201 [0m2.284 ms - 107[0m
Terminated

npm ERR! Linux 4.4.0-1022-aws
npm ERR! argv "/home/ubuntu/.nvm/versions/node/v7.10.1/bin/node" "/home/ubuntu/.nvm/versions/node/v7.10.1/bin/npm" "start"
npm ERR! node v7.10.1
npm ERR! npm  v4.2.0
npm ERR! code ELIFECYCLE
npm ERR! errno 143
npm ERR! sunsmart@0.0.0 start: `node ./bin/www`
npm ERR! Exit status 143
npm ERR! 
npm ERR! Failed at the sunsmart@0.0.0 start script 'node ./bin/www'.
npm ERR! Make sure you have the latest version of node.js and npm installed.
npm ERR! If you do, this is most likely a problem with the sunsmart package,
npm ERR! not with npm itself.
npm ERR! Tell the author that this fails on your system:
npm ERR!     node ./bin/www
npm ERR! You can get information on how to open an issue for this project with:
npm ERR!     npm bugs sunsmart
npm ERR! Or if that isn't available, you can get their info via:
npm ERR!     npm owner ls sunsmart
npm ERR! There is likely additional logging output above.

npm ERR! Please include the following file with any support request:
npm ERR!     /home/ubuntu/.npm/_logs/2017-11-25T22_22_25_787Z-debug.log

> sunsmart@0.0.0 start /home/ubuntu/sunSmart
> node ./bin/www

[0mGET /recent.html [36m304 [0m6.919 ms - -[0m
[0mGET /javascripts/status.js [36m304 [0m10.686 ms - -[0m
[0mGET /javascripts/recent.js [32m200 [0m4.354 ms - 2951[0m
[0mGET /javascripts/signout.js [36m304 [0m0.523 ms - -[0m
[0mGET /images/logo.png [31m500 [0m276.611 ms - 1597[0m
[0mGET /samples/recent/undefined [36m304 [0m18.110 ms - -[0m
[0mGET /favicon.ico [31m500 [0m37.736 ms - 1597[0m
[0mGET /samples/recent/undefined [36m304 [0m9.187 ms - -[0m
[0mGET /samples/recent/0 [36m304 [0m66.620 ms - -[0m
[0mGET /samples/recent/1 [36m304 [0m2.784 ms - -[0m
[0mGET /samples/recent/2 [36m304 [0m3.382 ms - -[0m

> sunsmart@0.0.0 start /home/ubuntu/sunSmart
> node ./bin/www

[0mGET /recent.html [36m304 [0m6.620 ms - -[0m
[0mGET /stylesheet/style.css [36m304 [0m2.740 ms - -[0m
[0mGET /javascripts/recent.js [36m304 [0m1.491 ms - -[0m
[0mGET /javascripts/status.js [36m304 [0m0.604 ms - -[0m
[0mGET /javascripts/signout.js [36m304 [0m0.595 ms - -[0m
[0mGET /images/logo.png [31m500 [0m271.309 ms - 1597[0m
[0mGET /samples/recent/undefined [36m304 [0m18.065 ms - -[0m
[0mGET /favicon.ico [31m500 [0m37.246 ms - 1597[0m
[0mGET /samples/recent/undefined [36m304 [0m9.631 ms - -[0m
[0mGET /signin.html [36m304 [0m0.392 ms - -[0m
[0mGET /favicon.ico [31m500 [0m32.860 ms - 1597[0m
[0mGET /javascripts/signin.js [36m304 [0m0.375 ms - -[0m
[0mGET /images/logo.png [31m500 [0m20.101 ms - 1597[0m
[0mGET /favicon.ico [31m500 [0m14.436 ms - 1597[0m
[0mPOST /users/signin [32m201 [0m260.187 ms - 195[0m
[0mGET /home.html [36m304 [0m0.367 ms - -[0m
[0mGET /javascripts/status.js [36m304 [0m0.302 ms - -[0m
[0mGET /images/logo.png [31m500 [0m8.617 ms - 1597[0m
[0mGET /javascripts/signout.js [36m304 [0m0.231 ms - -[0m
[0mGET /favicon.ico [31m500 [0m9.451 ms - 1597[0m
[0mGET /users/status [36m304 [0m13.707 ms - -[0m
[0mGET /home.html [36m304 [0m1.620 ms - -[0m
[0mGET /javascripts/status.js [36m304 [0m3.798 ms - -[0m
[0mGET /images/logo.png [31m500 [0m29.819 ms - 1597[0m
[0mGET /javascripts/signout.js [36m304 [0m0.795 ms - -[0m
[0mGET /favicon.ico [31m500 [0m19.916 ms - 1597[0m
[0mGET /users/status [36m304 [0m6.979 ms - -[0m
[0mGET /recent.html [36m304 [0m2.066 ms - -[0m
[0mGET /stylesheet/style.css [36m304 [0m1.711 ms - -[0m
[0mGET /javascripts/status.js [36m304 [0m3.402 ms - -[0m
[0mGET /javascripts/recent.js [36m304 [0m1.269 ms - -[0m
[0mGET /images/logo.png [31m500 [0m40.853 ms - 1597[0m
[0mGET /javascripts/signout.js [36m304 [0m1.087 ms - -[0m
[0mGET /favicon.ico [31m500 [0m30.504 ms - 1597[0m
[0mGET /samples/recent/undefined [36m304 [0m7.287 ms - -[0m
[0mGET /samples/recent/undefined [36m304 [0m7.986 ms - -[0m
[0mGET /samples/recent/0 [36m304 [0m48.519 ms - -[0m
[0mGET /samples/recent/1 [36m304 [0m9.641 ms - -[0m
[0mGET /samples/recent/2 [36m304 [0m9.883 ms - -[0m
[0mGET /samples/recent/0 [36m304 [0m28.951 ms - -[0m

> sunsmart@0.0.0 start /home/ubuntu/sunSmart
> node ./bin/www

[0mGET /recent.html [36m304 [0m6.511 ms - -[0m
[0mGET /stylesheet/style.css [36m304 [0m1.008 ms - -[0m
[0mGET /javascripts/status.js [36m304 [0m1.413 ms - -[0m
[0mGET /javascripts/recent.js [36m304 [0m0.649 ms - -[0m
[0mGET /javascripts/signout.js [36m304 [0m0.340 ms - -[0m
[0mGET /images/logo.png [31m500 [0m269.858 ms - 1597[0m
[0mGET /samples/recent/undefined [36m304 [0m18.417 ms - -[0m
[0mGET /favicon.ico [31m500 [0m36.900 ms - 1597[0m
[0mGET /samples/recent/undefined [36m304 [0m9.505 ms - -[0m
[0mGET /recent.html [36m304 [0m0.393 ms - -[0m
[0mGET /stylesheet/style.css [36m304 [0m0.374 ms - -[0m
[0mGET /javascripts/status.js [36m304 [0m0.279 ms - -[0m
[0mGET /javascripts/signout.js [36m304 [0m0.368 ms - -[0m
[0mGET /javascripts/recent.js [36m304 [0m0.214 ms - -[0m
[0mGET /images/logo.png [31m500 [0m32.125 ms - 1597[0m
[0mGET /samples/recent/undefined [36m304 [0m2.893 ms - -[0m
[0mGET /favicon.ico [31m500 [0m20.043 ms - 1597[0m
[0mGET /samples/recent/undefined [36m304 [0m12.466 ms - -[0m
[0mGET /samples/recent/0 [36m304 [0m42.611 ms - -[0m
[0mGET /signin.html [36m304 [0m0.971 ms - -[0m
[0mGET /favicon.ico [31m500 [0m18.826 ms - 1597[0m
[0mGET /javascripts/signin.js [36m304 [0m1.280 ms - -[0m
[0mGET /images/logo.png [31m500 [0m11.075 ms - 1597[0m
[0mGET /favicon.ico [31m500 [0m12.404 ms - 1597[0m
[0mGET /home.html [36m304 [0m1.042 ms - -[0m
[0mGET /javascripts/status.js [36m304 [0m0.702 ms - -[0m
[0mGET /javascripts/signout.js [36m304 [0m0.518 ms - -[0m
[0mGET /images/logo.png [31m500 [0m39.519 ms - 1597[0m
[0mGET /signin.html [36m304 [0m0.361 ms - -[0m
[0mGET /javascripts/signin.js [36m304 [0m0.376 ms - -[0m
[0mGET /images/logo.png [31m500 [0m29.959 ms - 1597[0m
[0mGET /favicon.ico [31m500 [0m36.299 ms - 1597[0m
[0mGET / [32m200 [0m17.355 ms - 170[0m
[0mGET /stylesheets/style.css [31m500 [0m13.982 ms - 1597[0m
[0mGET / [36m304 [0m6.305 ms - -[0m
[0mGET /stylesheets/style.css [31m500 [0m16.808 ms - 1597[0m
[0mGET /home.html [32m200 [0m2.690 ms - 2787[0m
[0mGET /javascripts/status.js [32m200 [0m1.096 ms - 3205[0m
[0mGET /images/logo.png [31m500 [0m16.438 ms - 1597[0m
[0mGET /javascripts/signout.js [32m200 [0m17.085 ms - 264[0m
[0mGET /images/logo.png [31m500 [0m9.033 ms - 1597[0m
[0mGET /signin.html [32m200 [0m0.734 ms - 2005[0m
[0mGET /javascripts/signin.js [32m200 [0m0.572 ms - 2279[0m
[0mGET /images/logo.png [31m500 [0m12.330 ms - 1597[0m
[0mGET /newAccount.html [32m200 [0m0.791 ms - 2713[0m
[0mGET /javascripts/newAccount.js [32m200 [0m0.565 ms - 2294[0m
[0mGET /images/logo.png [31m500 [0m8.055 ms - 1597[0m
[0mGET / [32m200 [0m5.474 ms - 170[0m
[0mGET /home.html [32m200 [0m0.505 ms - 2787[0m
[0mGET /javascripts/status.js [32m200 [0m0.524 ms - 3205[0m
[0mGET /javascripts/signout.js [32m200 [0m0.536 ms - 264[0m
[0mGET /images/logo.png [31m500 [0m5.799 ms - 1597[0m
[0mGET /signin.html [32m200 [0m1.378 ms - 2005[0m
[0mGET /javascripts/signin.js [32m200 [0m0.504 ms - 2279[0m
[0mGET /images/logo.png [31m500 [0m11.646 ms - 1597[0m
[0mGET /favicon.ico [31m500 [0m5.294 ms - 1597[0m
[0mGET http://dx.doi.org/ [32m200 [0m5.832 ms - 170[0m
